%!Adobe-FontList 1.23
%Locale:0x409

%BeginFont
Handler:DirectoryHandler
FontType:Invalid
OutlineFileName:/Users/nathan_zweifel/Library/CloudStorage/OneDrive-Personnel/HEAD/S2/FoldingWorlds/head-md-folding-worlds/Dossier HEAD-MD1_FoldingWorlds_Name-Surname_Project-Name/Document fonts/AdobeFnt23.lst
FileLength:1443
FileModTime:708541854
%EndFont

%BeginFont
Handler:DirectoryHandler
FontType:TrueType
FontName:Arial-ItalicMT
FamilyName:Arial
StyleName:Italic
MenuName:Arial
StyleBits:1
WeightClass:400
WidthClass:5
AngleClass:1
FullName:Arial Italic
WritingScript:Roman
OutlineFileName:/Users/nathan_zweifel/Library/CloudStorage/OneDrive-Personnel/HEAD/S2/FoldingWorlds/head-md-folding-worlds/Dossier HEAD-MD1_FoldingWorlds_Name-Surname_Project-Name/Document fonts/Arial Italic.ttf
DataFormat:sfntData
hasSVG:no
VariableFontType:NonVariableFont
FileLength:553284
FileModTime:708541854
NameArray:0,Mac,4,Arial Italic
NameArray:0,Win,1,Arial
%EndFont

%BeginFont
Handler:DirectoryHandler
FontType:TrueType
FontName:ArialMT
FamilyName:Arial
StyleName:Regular
MenuName:Arial
StyleBits:0
WeightClass:400
WidthClass:5
AngleClass:0
FullName:Arial
WritingScript:Roman
OutlineFileName:/Users/nathan_zweifel/Library/CloudStorage/OneDrive-Personnel/HEAD/S2/FoldingWorlds/head-md-folding-worlds/Dossier HEAD-MD1_FoldingWorlds_Name-Surname_Project-Name/Document fonts/Arial.ttf
DataFormat:sfntData
hasSVG:no
VariableFontType:NonVariableFont
FileLength:773236
FileModTime:708541854
NameArray:0,Mac,4,Arial
NameArray:0,Win,1,Arial
%EndFont

